[2023-05-06 01:19:17,206][root.tracker][INFO] - Loading weights from deep_sort_pytorch/deep_sort/deep/checkpoint/ckpt.t7... Done!
[2023-05-06 01:21:16,451][root.tracker][INFO] - Loading weights from deep_sort_pytorch/deep_sort/deep/checkpoint/ckpt.t7... Done!
[2023-05-06 01:21:52,821][root.tracker][INFO] - Loading weights from deep_sort_pytorch/deep_sort/deep/checkpoint/ckpt.t7... Done!
[2023-05-06 01:56:17,863][root.tracker][INFO] - Loading weights from deep_sort_pytorch/deep_sort/deep/checkpoint/ckpt.t7... Done!
[2023-05-06 01:59:41,171][root.tracker][INFO] - Loading weights from deep_sort_pytorch/deep_sort/deep/checkpoint/ckpt.t7... Done!
[2023-05-06 02:03:33,617][root.tracker][INFO] - Loading weights from deep_sort_pytorch/deep_sort/deep/checkpoint/ckpt.t7... Done!
[2023-05-06 02:06:22,973][root.tracker][INFO] - Loading weights from deep_sort_pytorch/deep_sort/deep/checkpoint/ckpt.t7... Done!
[2023-05-06 02:08:13,867][root.tracker][INFO] - Loading weights from deep_sort_pytorch/deep_sort/deep/checkpoint/ckpt.t7... Done!
[2023-05-06 03:50:16,807][root.tracker][INFO] - Loading weights from deep_sort_pytorch/deep_sort/deep/checkpoint/ckpt.t7... Done!
[2023-05-06 03:54:19,342][root.tracker][INFO] - Loading weights from deep_sort_pytorch/deep_sort/deep/checkpoint/ckpt.t7... Done!
[2023-05-06 03:56:35,574][root.tracker][INFO] - Loading weights from deep_sort_pytorch/deep_sort/deep/checkpoint/ckpt.t7... Done!
[2023-05-06 04:04:14,827][root.tracker][INFO] - Loading weights from deep_sort_pytorch/deep_sort/deep/checkpoint/ckpt.t7... Done!
[2023-05-06 04:05:04,501][root.tracker][INFO] - Loading weights from deep_sort_pytorch/deep_sort/deep/checkpoint/ckpt.t7... Done!
[2023-05-06 04:08:05,073][root.tracker][INFO] - Loading weights from deep_sort_pytorch/deep_sort/deep/checkpoint/ckpt.t7... Done!
[2023-05-06 04:19:27,715][root.tracker][INFO] - Loading weights from deep_sort_pytorch/deep_sort/deep/checkpoint/ckpt.t7... Done!
[2023-05-06 04:20:23,157][root.tracker][INFO] - Loading weights from deep_sort_pytorch/deep_sort/deep/checkpoint/ckpt.t7... Done!
[2023-05-06 15:21:24,884][root.tracker][INFO] - Loading weights from deep_sort_pytorch/deep_sort/deep/checkpoint/ckpt.t7... Done!
[2023-05-06 15:24:43,875][root.tracker][INFO] - Loading weights from deep_sort_pytorch/deep_sort/deep/checkpoint/ckpt.t7... Done!
[2023-05-06 15:25:41,946][root.tracker][INFO] - Loading weights from deep_sort_pytorch/deep_sort/deep/checkpoint/ckpt.t7... Done!
[2023-05-06 15:28:42,194][root.tracker][INFO] - Loading weights from deep_sort_pytorch/deep_sort/deep/checkpoint/ckpt.t7... Done!
[2023-05-06 15:35:56,702][root.tracker][INFO] - Loading weights from deep_sort_pytorch/deep_sort/deep/checkpoint/ckpt.t7... Done!
[2023-05-06 15:38:42,491][root.tracker][INFO] - Loading weights from deep_sort_pytorch/deep_sort/deep/checkpoint/ckpt.t7... Done!
[2023-05-06 15:47:35,359][root.tracker][INFO] - Loading weights from deep_sort_pytorch/deep_sort/deep/checkpoint/ckpt.t7... Done!
[2023-05-06 15:51:50,399][root.tracker][INFO] - Loading weights from deep_sort_pytorch/deep_sort/deep/checkpoint/ckpt.t7... Done!
[2023-05-06 15:53:17,062][root.tracker][INFO] - Loading weights from deep_sort_pytorch/deep_sort/deep/checkpoint/ckpt.t7... Done!
[2023-05-06 15:55:38,500][root.tracker][INFO] - Loading weights from deep_sort_pytorch/deep_sort/deep/checkpoint/ckpt.t7... Done!
[2023-05-06 15:57:07,513][root.tracker][INFO] - Loading weights from deep_sort_pytorch/deep_sort/deep/checkpoint/ckpt.t7... Done!
[2023-05-06 15:58:30,138][root.tracker][INFO] - Loading weights from deep_sort_pytorch/deep_sort/deep/checkpoint/ckpt.t7... Done!
[2023-05-06 16:02:56,471][root.tracker][INFO] - Loading weights from deep_sort_pytorch/deep_sort/deep/checkpoint/ckpt.t7... Done!
[2023-05-06 16:05:54,167][root.tracker][INFO] - Loading weights from deep_sort_pytorch/deep_sort/deep/checkpoint/ckpt.t7... Done!
[2023-05-06 16:08:31,529][root.tracker][INFO] - Loading weights from deep_sort_pytorch/deep_sort/deep/checkpoint/ckpt.t7... Done!
[2023-05-06 16:12:19,569][root.tracker][INFO] - Loading weights from deep_sort_pytorch/deep_sort/deep/checkpoint/ckpt.t7... Done!
[2023-05-06 16:14:24,271][root.tracker][INFO] - Loading weights from deep_sort_pytorch/deep_sort/deep/checkpoint/ckpt.t7... Done!
[2023-05-06 16:16:09,169][root.tracker][INFO] - Loading weights from deep_sort_pytorch/deep_sort/deep/checkpoint/ckpt.t7... Done!
[2023-05-06 16:19:56,836][root.tracker][INFO] - Loading weights from deep_sort_pytorch/deep_sort/deep/checkpoint/ckpt.t7... Done!
[2023-05-06 16:20:41,846][root.tracker][INFO] - Loading weights from deep_sort_pytorch/deep_sort/deep/checkpoint/ckpt.t7... Done!
[2023-05-06 16:21:21,288][root.tracker][INFO] - Loading weights from deep_sort_pytorch/deep_sort/deep/checkpoint/ckpt.t7... Done!
[2023-05-06 16:29:02,117][root.tracker][INFO] - Loading weights from deep_sort_pytorch/deep_sort/deep/checkpoint/ckpt.t7... Done!
[2023-05-06 16:34:44,961][root.tracker][INFO] - Loading weights from deep_sort_pytorch/deep_sort/deep/checkpoint/ckpt.t7... Done!
[2023-05-06 16:35:55,886][root.tracker][INFO] - Loading weights from deep_sort_pytorch/deep_sort/deep/checkpoint/ckpt.t7... Done!
[2023-05-06 16:38:18,406][root.tracker][INFO] - Loading weights from deep_sort_pytorch/deep_sort/deep/checkpoint/ckpt.t7... Done!
[2023-05-06 16:39:35,824][root.tracker][INFO] - Loading weights from deep_sort_pytorch/deep_sort/deep/checkpoint/ckpt.t7... Done!
[2023-05-06 16:41:17,343][root.tracker][INFO] - Loading weights from deep_sort_pytorch/deep_sort/deep/checkpoint/ckpt.t7... Done!
[2023-05-06 16:46:14,364][root.tracker][INFO] - Loading weights from deep_sort_pytorch/deep_sort/deep/checkpoint/ckpt.t7... Done!
[2023-05-06 16:47:34,862][root.tracker][INFO] - Loading weights from deep_sort_pytorch/deep_sort/deep/checkpoint/ckpt.t7... Done!
[2023-05-06 16:49:36,818][root.tracker][INFO] - Loading weights from deep_sort_pytorch/deep_sort/deep/checkpoint/ckpt.t7... Done!
[2023-05-06 16:51:29,841][root.tracker][INFO] - Loading weights from deep_sort_pytorch/deep_sort/deep/checkpoint/ckpt.t7... Done!
[2023-05-06 16:52:31,573][root.tracker][INFO] - Loading weights from deep_sort_pytorch/deep_sort/deep/checkpoint/ckpt.t7... Done!
[2023-05-06 16:59:05,735][root.tracker][INFO] - Loading weights from deep_sort_pytorch/deep_sort/deep/checkpoint/ckpt.t7... Done!
[2023-05-06 17:01:52,782][root.tracker][INFO] - Loading weights from deep_sort_pytorch/deep_sort/deep/checkpoint/ckpt.t7... Done!
[2023-05-06 17:32:46,675][root.tracker][INFO] - Loading weights from deep_sort_pytorch/deep_sort/deep/checkpoint/ckpt.t7... Done!
[2023-05-06 17:38:37,584][root.tracker][INFO] - Loading weights from deep_sort_pytorch/deep_sort/deep/checkpoint/ckpt.t7... Done!
[2023-05-06 17:39:34,297][root.tracker][INFO] - Loading weights from deep_sort_pytorch/deep_sort/deep/checkpoint/ckpt.t7... Done!
[2023-05-06 17:40:06,297][root.tracker][INFO] - Loading weights from deep_sort_pytorch/deep_sort/deep/checkpoint/ckpt.t7... Done!
[2023-05-06 17:44:23,289][root.tracker][INFO] - Loading weights from deep_sort_pytorch/deep_sort/deep/checkpoint/ckpt.t7... Done!
[2023-05-06 17:51:31,700][root.tracker][INFO] - Loading weights from deep_sort_pytorch/deep_sort/deep/checkpoint/ckpt.t7... Done!
[2023-05-06 17:54:54,329][root.tracker][INFO] - Loading weights from deep_sort_pytorch/deep_sort/deep/checkpoint/ckpt.t7... Done!
[2023-05-06 17:57:46,795][root.tracker][INFO] - Loading weights from deep_sort_pytorch/deep_sort/deep/checkpoint/ckpt.t7... Done!
[2023-05-06 18:50:58,280][root.tracker][INFO] - Loading weights from deep_sort_pytorch/deep_sort/deep/checkpoint/ckpt.t7... Done!
[2023-05-06 18:54:53,136][root.tracker][INFO] - Loading weights from deep_sort_pytorch/deep_sort/deep/checkpoint/ckpt.t7... Done!
[2023-05-06 18:55:29,980][root.tracker][INFO] - Loading weights from deep_sort_pytorch/deep_sort/deep/checkpoint/ckpt.t7... Done!
[2023-05-06 18:56:37,527][root.tracker][INFO] - Loading weights from deep_sort_pytorch/deep_sort/deep/checkpoint/ckpt.t7... Done!
[2023-05-06 18:57:25,132][root.tracker][INFO] - Loading weights from deep_sort_pytorch/deep_sort/deep/checkpoint/ckpt.t7... Done!
[2023-05-06 18:58:55,603][root.tracker][INFO] - Loading weights from deep_sort_pytorch/deep_sort/deep/checkpoint/ckpt.t7... Done!
[2023-05-06 19:05:04,667][root.tracker][INFO] - Loading weights from deep_sort_pytorch/deep_sort/deep/checkpoint/ckpt.t7... Done!
[2023-05-06 19:14:01,975][root.tracker][INFO] - Loading weights from deep_sort_pytorch/deep_sort/deep/checkpoint/ckpt.t7... Done!
[2023-05-06 19:36:13,057][root.tracker][INFO] - Loading weights from deep_sort_pytorch/deep_sort/deep/checkpoint/ckpt.t7... Done!
[2023-05-06 20:11:20,564][root.tracker][INFO] - Loading weights from deep_sort_pytorch/deep_sort/deep/checkpoint/ckpt.t7... Done!
[2023-05-06 20:13:12,969][root.tracker][INFO] - Loading weights from deep_sort_pytorch/deep_sort/deep/checkpoint/ckpt.t7... Done!
[2023-05-06 20:18:54,398][root.tracker][INFO] - Loading weights from deep_sort_pytorch/deep_sort/deep/checkpoint/ckpt.t7... Done!
[2023-05-06 20:28:42,390][root.tracker][INFO] - Loading weights from deep_sort_pytorch/deep_sort/deep/checkpoint/ckpt.t7... Done!
[2023-05-06 20:38:38,941][root.tracker][INFO] - Loading weights from deep_sort_pytorch/deep_sort/deep/checkpoint/ckpt.t7... Done!
[2023-05-06 21:00:56,788][root.tracker][INFO] - Loading weights from deep_sort_pytorch/deep_sort/deep/checkpoint/ckpt.t7... Done!
[2023-05-06 21:14:27,275][root.tracker][INFO] - Loading weights from deep_sort_pytorch/deep_sort/deep/checkpoint/ckpt.t7... Done!
[2023-05-06 21:23:11,839][root.tracker][INFO] - Loading weights from deep_sort_pytorch/deep_sort/deep/checkpoint/ckpt.t7... Done!
[2023-05-06 21:23:25,205][root.tracker][INFO] - Loading weights from deep_sort_pytorch/deep_sort/deep/checkpoint/ckpt.t7... Done!
[2023-05-06 21:34:39,261][root.tracker][INFO] - Loading weights from deep_sort_pytorch/deep_sort/deep/checkpoint/ckpt.t7... Done!
[2023-05-06 21:50:56,483][root.tracker][INFO] - Loading weights from deep_sort_pytorch/deep_sort/deep/checkpoint/ckpt.t7... Done!
[2023-05-06 21:58:33,550][root.tracker][INFO] - Loading weights from deep_sort_pytorch/deep_sort/deep/checkpoint/ckpt.t7... Done!
[2023-05-06 22:05:25,814][root.tracker][INFO] - Loading weights from deep_sort_pytorch/deep_sort/deep/checkpoint/ckpt.t7... Done!
[2023-05-06 22:29:43,922][root.tracker][INFO] - Loading weights from deep_sort_pytorch/deep_sort/deep/checkpoint/ckpt.t7... Done!
[2023-05-06 22:37:34,591][root.tracker][INFO] - Loading weights from deep_sort_pytorch/deep_sort/deep/checkpoint/ckpt.t7... Done!
[2023-05-06 22:49:36,854][root.tracker][INFO] - Loading weights from deep_sort_pytorch/deep_sort/deep/checkpoint/ckpt.t7... Done!
[2023-05-06 22:59:00,059][root.tracker][INFO] - Loading weights from deep_sort_pytorch/deep_sort/deep/checkpoint/ckpt.t7... Done!
[2023-05-06 23:02:11,903][root.tracker][INFO] - Loading weights from deep_sort_pytorch/deep_sort/deep/checkpoint/ckpt.t7... Done!
[2023-05-06 23:03:09,358][root.tracker][INFO] - Loading weights from deep_sort_pytorch/deep_sort/deep/checkpoint/ckpt.t7... Done!
[2023-05-06 23:04:42,125][root.tracker][INFO] - Loading weights from deep_sort_pytorch/deep_sort/deep/checkpoint/ckpt.t7... Done!
[2023-05-06 23:11:36,315][root.tracker][INFO] - Loading weights from deep_sort_pytorch/deep_sort/deep/checkpoint/ckpt.t7... Done!
[2023-05-06 23:21:15,689][root.tracker][INFO] - Loading weights from deep_sort_pytorch/deep_sort/deep/checkpoint/ckpt.t7... Done!
[2023-05-06 23:33:45,629][root.tracker][INFO] - Loading weights from deep_sort_pytorch/deep_sort/deep/checkpoint/ckpt.t7... Done!
[2023-05-06 23:57:06,743][root.tracker][INFO] - Loading weights from deep_sort_pytorch/deep_sort/deep/checkpoint/ckpt.t7... Done!
[2023-05-07 00:06:54,333][root.tracker][INFO] - Loading weights from deep_sort_pytorch/deep_sort/deep/checkpoint/ckpt.t7... Done!
[2023-05-07 00:16:45,425][root.tracker][INFO] - Loading weights from deep_sort_pytorch/deep_sort/deep/checkpoint/ckpt.t7... Done!
[2023-05-07 00:36:55,445][root.tracker][INFO] - Loading weights from deep_sort_pytorch/deep_sort/deep/checkpoint/ckpt.t7... Done!
[2023-05-07 00:49:35,672][root.tracker][INFO] - Loading weights from deep_sort_pytorch/deep_sort/deep/checkpoint/ckpt.t7... Done!
[2023-05-07 00:49:54,458][root.tracker][INFO] - Loading weights from deep_sort_pytorch/deep_sort/deep/checkpoint/ckpt.t7... Done!
[2023-05-07 01:11:54,915][root.tracker][INFO] - Loading weights from deep_sort_pytorch/deep_sort/deep/checkpoint/ckpt.t7... Done!
[2023-05-07 02:16:15,927][root.tracker][INFO] - Loading weights from deep_sort_pytorch/deep_sort/deep/checkpoint/ckpt.t7... Done!
[2023-05-07 02:37:26,135][root.tracker][INFO] - Loading weights from deep_sort_pytorch/deep_sort/deep/checkpoint/ckpt.t7... Done!
[2023-05-07 17:15:15,991][root.tracker][INFO] - Loading weights from deep_sort_pytorch/deep_sort/deep/checkpoint/ckpt.t7... Done!
[2023-05-07 20:03:05,246][root.tracker][INFO] - Loading weights from deep_sort_pytorch/deep_sort/deep/checkpoint/ckpt.t7... Done!
[2023-05-07 20:05:11,878][root.tracker][INFO] - Loading weights from deep_sort_pytorch/deep_sort/deep/checkpoint/ckpt.t7... Done!
[2023-05-07 21:22:51,279][root.tracker][INFO] - Loading weights from deep_sort_pytorch/deep_sort/deep/checkpoint/ckpt.t7... Done!
[2023-05-07 21:25:48,364][root.tracker][INFO] - Loading weights from deep_sort_pytorch/deep_sort/deep/checkpoint/ckpt.t7... Done!
[2023-05-08 00:49:50,255][root.tracker][INFO] - Loading weights from deep_sort_pytorch/deep_sort/deep/checkpoint/ckpt.t7... Done!
[2023-05-08 01:06:56,210][root.tracker][INFO] - Loading weights from deep_sort_pytorch/deep_sort/deep/checkpoint/ckpt.t7... Done!
[2023-05-08 01:07:06,911][root.tracker][INFO] - Loading weights from deep_sort_pytorch/deep_sort/deep/checkpoint/ckpt.t7... Done!
[2023-05-08 01:08:50,459][root.tracker][INFO] - Loading weights from deep_sort_pytorch/deep_sort/deep/checkpoint/ckpt.t7... Done!
[2023-05-08 01:09:54,241][root.tracker][INFO] - Loading weights from deep_sort_pytorch/deep_sort/deep/checkpoint/ckpt.t7... Done!
[2023-05-08 01:11:45,089][root.tracker][INFO] - Loading weights from deep_sort_pytorch/deep_sort/deep/checkpoint/ckpt.t7... Done!
[2023-05-08 03:24:44,244][root.tracker][INFO] - Loading weights from deep_sort_pytorch/deep_sort/deep/checkpoint/ckpt.t7... Done!
[2023-05-08 03:49:46,549][root.tracker][INFO] - Loading weights from deep_sort_pytorch/deep_sort/deep/checkpoint/ckpt.t7... Done!
[2023-05-08 04:42:13,571][root.tracker][INFO] - Loading weights from deep_sort_pytorch/deep_sort/deep/checkpoint/ckpt.t7... Done!
[2023-05-08 16:15:25,554][root.tracker][INFO] - Loading weights from deep_sort_pytorch/deep_sort/deep/checkpoint/ckpt.t7... Done!
[2023-05-08 16:28:41,510][root.tracker][INFO] - Loading weights from deep_sort_pytorch/deep_sort/deep/checkpoint/ckpt.t7... Done!
[2023-05-08 16:30:41,850][root.tracker][INFO] - Loading weights from deep_sort_pytorch/deep_sort/deep/checkpoint/ckpt.t7... Done!
[2023-05-08 16:44:37,285][root.tracker][INFO] - Loading weights from deep_sort_pytorch/deep_sort/deep/checkpoint/ckpt.t7... Done!
[2023-05-08 16:47:25,198][root.tracker][INFO] - Loading weights from deep_sort_pytorch/deep_sort/deep/checkpoint/ckpt.t7... Done!
[2023-05-08 16:54:04,581][root.tracker][INFO] - Loading weights from deep_sort_pytorch/deep_sort/deep/checkpoint/ckpt.t7... Done!
[2023-05-08 16:56:04,867][root.tracker][INFO] - Loading weights from deep_sort_pytorch/deep_sort/deep/checkpoint/ckpt.t7... Done!
[2023-05-08 17:12:41,982][root.tracker][INFO] - Loading weights from deep_sort_pytorch/deep_sort/deep/checkpoint/ckpt.t7... Done!
[2023-05-08 17:14:31,769][root.tracker][INFO] - Loading weights from deep_sort_pytorch/deep_sort/deep/checkpoint/ckpt.t7... Done!
[2023-05-08 17:27:47,026][root.tracker][INFO] - Loading weights from deep_sort_pytorch/deep_sort/deep/checkpoint/ckpt.t7... Done!
[2023-05-08 17:34:19,490][root.tracker][INFO] - Loading weights from deep_sort_pytorch/deep_sort/deep/checkpoint/ckpt.t7... Done!
[2023-05-08 17:41:47,107][root.tracker][INFO] - Loading weights from deep_sort_pytorch/deep_sort/deep/checkpoint/ckpt.t7... Done!
[2023-05-08 17:51:21,395][root.tracker][INFO] - Loading weights from deep_sort_pytorch/deep_sort/deep/checkpoint/ckpt.t7... Done!
[2023-05-08 17:52:42,974][root.tracker][INFO] - Loading weights from deep_sort_pytorch/deep_sort/deep/checkpoint/ckpt.t7... Done!
[2023-05-08 18:16:45,399][root.tracker][INFO] - Loading weights from deep_sort_pytorch/deep_sort/deep/checkpoint/ckpt.t7... Done!
[2023-05-08 18:45:15,804][root.tracker][INFO] - Loading weights from deep_sort_pytorch/deep_sort/deep/checkpoint/ckpt.t7... Done!
[2023-05-08 18:48:33,482][root.tracker][INFO] - Loading weights from deep_sort_pytorch/deep_sort/deep/checkpoint/ckpt.t7... Done!
[2023-05-08 18:55:43,079][root.tracker][INFO] - Loading weights from deep_sort_pytorch/deep_sort/deep/checkpoint/ckpt.t7... Done!
[2023-05-08 19:03:17,177][root.tracker][INFO] - Loading weights from deep_sort_pytorch/deep_sort/deep/checkpoint/ckpt.t7... Done!
[2023-05-08 19:07:19,421][root.tracker][INFO] - Loading weights from deep_sort_pytorch/deep_sort/deep/checkpoint/ckpt.t7... Done!
[2023-05-08 20:57:52,798][root.tracker][INFO] - Loading weights from deep_sort_pytorch/deep_sort/deep/checkpoint/ckpt.t7... Done!
[2023-05-08 21:51:07,173][root.tracker][INFO] - Loading weights from deep_sort_pytorch/deep_sort/deep/checkpoint/ckpt.t7... Done!
[2023-05-08 22:50:03,732][root.tracker][INFO] - Loading weights from deep_sort_pytorch/deep_sort/deep/checkpoint/ckpt.t7... Done!
[2023-05-08 22:51:08,855][root.tracker][INFO] - Loading weights from deep_sort_pytorch/deep_sort/deep/checkpoint/ckpt.t7... Done!
[2023-05-08 23:00:08,809][root.tracker][INFO] - Loading weights from deep_sort_pytorch/deep_sort/deep/checkpoint/ckpt.t7... Done!
[2023-05-08 23:03:46,296][root.tracker][INFO] - Loading weights from deep_sort_pytorch/deep_sort/deep/checkpoint/ckpt.t7... Done!
[2023-05-08 23:30:02,074][root.tracker][INFO] - Loading weights from deep_sort_pytorch/deep_sort/deep/checkpoint/ckpt.t7... Done!
[2023-05-09 00:01:21,525][root.tracker][INFO] - Loading weights from deep_sort_pytorch/deep_sort/deep/checkpoint/ckpt.t7... Done!
[2023-05-09 00:27:37,787][root.tracker][INFO] - Loading weights from deep_sort_pytorch/deep_sort/deep/checkpoint/ckpt.t7... Done!
[2023-05-09 01:07:45,961][root.tracker][INFO] - Loading weights from deep_sort_pytorch/deep_sort/deep/checkpoint/ckpt.t7... Done!
[2023-05-09 01:33:29,236][root.tracker][INFO] - Loading weights from deep_sort_pytorch/deep_sort/deep/checkpoint/ckpt.t7... Done!
[2023-05-09 01:34:09,537][root.tracker][INFO] - Loading weights from deep_sort_pytorch/deep_sort/deep/checkpoint/ckpt.t7... Done!
[2023-05-09 02:00:48,019][root.tracker][INFO] - Loading weights from deep_sort_pytorch/deep_sort/deep/checkpoint/ckpt.t7... Done!
[2023-05-09 02:20:36,982][root.tracker][INFO] - Loading weights from deep_sort_pytorch/deep_sort/deep/checkpoint/ckpt.t7... Done!
[2023-05-09 02:29:04,640][root.tracker][INFO] - Loading weights from deep_sort_pytorch/deep_sort/deep/checkpoint/ckpt.t7... Done!
[2023-05-09 02:30:57,642][root.tracker][INFO] - Loading weights from deep_sort_pytorch/deep_sort/deep/checkpoint/ckpt.t7... Done!
[2023-05-09 15:10:43,552][root.tracker][INFO] - Loading weights from deep_sort_pytorch/deep_sort/deep/checkpoint/ckpt.t7... Done!
[2023-05-09 15:11:26,583][root.tracker][INFO] - Loading weights from deep_sort_pytorch/deep_sort/deep/checkpoint/ckpt.t7... Done!
[2023-05-09 15:12:15,950][root.tracker][INFO] - Loading weights from deep_sort_pytorch/deep_sort/deep/checkpoint/ckpt.t7... Done!
[2023-05-09 20:56:12,863][root.tracker][INFO] - Loading weights from deep_sort_pytorch/deep_sort/deep/checkpoint/ckpt.t7... Done!
[2023-05-09 21:05:44,061][root.tracker][INFO] - Loading weights from deep_sort_pytorch/deep_sort/deep/checkpoint/ckpt.t7... Done!
[2023-05-09 21:06:06,289][root.tracker][INFO] - Loading weights from deep_sort_pytorch/deep_sort/deep/checkpoint/ckpt.t7... Done!
[2023-05-09 21:17:06,569][root.tracker][INFO] - Loading weights from deep_sort_pytorch/deep_sort/deep/checkpoint/ckpt.t7... Done!
[2023-05-10 00:51:37,646][root.tracker][INFO] - Loading weights from deep_sort_pytorch/deep_sort/deep/checkpoint/ckpt.t7... Done!
[2023-05-10 00:53:08,873][root.tracker][INFO] - Loading weights from deep_sort_pytorch/deep_sort/deep/checkpoint/ckpt.t7... Done!
[2023-05-10 00:53:29,330][root.tracker][INFO] - Loading weights from deep_sort_pytorch/deep_sort/deep/checkpoint/ckpt.t7... Done!
[2023-05-10 10:10:50,421][root.tracker][INFO] - Loading weights from deep_sort_pytorch/deep_sort/deep/checkpoint/ckpt.t7... Done!
[2023-05-10 10:11:55,856][root.tracker][INFO] - Loading weights from deep_sort_pytorch/deep_sort/deep/checkpoint/ckpt.t7... Done!
[2023-05-10 10:14:23,192][root.tracker][INFO] - Loading weights from deep_sort_pytorch/deep_sort/deep/checkpoint/ckpt.t7... Done!
[2023-05-10 12:04:55,465][root.tracker][INFO] - Loading weights from deep_sort_pytorch/deep_sort/deep/checkpoint/ckpt.t7... Done!
[2023-05-10 12:06:04,363][root.tracker][INFO] - Loading weights from deep_sort_pytorch/deep_sort/deep/checkpoint/ckpt.t7... Done!
[2023-05-10 12:08:48,996][root.tracker][INFO] - Loading weights from deep_sort_pytorch/deep_sort/deep/checkpoint/ckpt.t7... Done!
[2023-05-10 12:24:09,894][root.tracker][INFO] - Loading weights from deep_sort_pytorch/deep_sort/deep/checkpoint/ckpt.t7... Done!
[2023-05-10 12:32:40,298][root.tracker][INFO] - Loading weights from deep_sort_pytorch/deep_sort/deep/checkpoint/ckpt.t7... Done!
[2023-05-10 12:36:52,177][werkzeug][INFO] - 127.0.0.1 - - [10/May/2023 12:36:52] "GET / HTTP/1.1" 200 -
[2023-05-10 12:44:13,600][root.tracker][INFO] - Loading weights from deep_sort_pytorch/deep_sort/deep/checkpoint/ckpt.t7... Done!
[2023-05-10 15:02:08,417][root.tracker][INFO] - Loading weights from deep_sort_pytorch/deep_sort/deep/checkpoint/ckpt.t7... Done!
[2023-05-10 15:05:32,484][root.tracker][INFO] - Loading weights from deep_sort_pytorch/deep_sort/deep/checkpoint/ckpt.t7... Done!
[2023-05-10 15:06:24,186][root.tracker][INFO] - Loading weights from deep_sort_pytorch/deep_sort/deep/checkpoint/ckpt.t7... Done!
[2023-05-10 15:06:24,691][app][ERROR] - Exception on /prediction [GET]
Traceback (most recent call last):
  File "C:\Users\DELL\AppData\Roaming\Python\Python39\site-packages\flask\app.py", line 2077, in wsgi_app
    response = self.full_dispatch_request()
  File "C:\Users\DELL\AppData\Roaming\Python\Python39\site-packages\flask\app.py", line 1525, in full_dispatch_request
    rv = self.handle_user_exception(e)
  File "C:\Users\DELL\AppData\Roaming\Python\Python39\site-packages\flask\app.py", line 1523, in full_dispatch_request
    rv = self.dispatch_request()
  File "C:\Users\DELL\AppData\Roaming\Python\Python39\site-packages\flask\app.py", line 1509, in dispatch_request
    return self.ensure_sync(self.view_functions[rule.endpoint])(**req.view_args)
  File "C:\Users\DELL\Desktop\test\YOLOv8-DeepSORT-Object-Tracking\ultralytics\yolo\v8\detect\app.py", line 14, in pred
    predict()
  File "C:\Python39\lib\site-packages\hydra\main.py", line 94, in decorated_main
    _run_hydra(
  File "C:\Python39\lib\site-packages\hydra\_internal\utils.py", line 355, in _run_hydra
    hydra = run_and_report(
  File "C:\Python39\lib\site-packages\hydra\_internal\utils.py", line 223, in run_and_report
    raise ex
  File "C:\Python39\lib\site-packages\hydra\_internal\utils.py", line 220, in run_and_report
    return func()
  File "C:\Python39\lib\site-packages\hydra\_internal\utils.py", line 356, in <lambda>
    lambda: Hydra.create_main_hydra2(
  File "C:\Python39\lib\site-packages\hydra\_internal\hydra.py", line 68, in create_main_hydra2
    GlobalHydra.instance().initialize(hydra)
  File "C:\Python39\lib\site-packages\hydra\core\global_hydra.py", line 16, in initialize
    raise ValueError(
ValueError: GlobalHydra is already initialized, call GlobalHydra.instance().clear() if you want to re-initialize
[2023-05-10 15:06:24,880][werkzeug][INFO] - 127.0.0.1 - - [10/May/2023 15:06:24] "[35m[1mGET /prediction HTTP/1.1[0m" 500 -
[2023-05-10 15:06:26,900][app][ERROR] - Exception on /prediction [GET]
Traceback (most recent call last):
  File "C:\Users\DELL\AppData\Roaming\Python\Python39\site-packages\flask\app.py", line 2077, in wsgi_app
    response = self.full_dispatch_request()
  File "C:\Users\DELL\AppData\Roaming\Python\Python39\site-packages\flask\app.py", line 1525, in full_dispatch_request
    rv = self.handle_user_exception(e)
  File "C:\Users\DELL\AppData\Roaming\Python\Python39\site-packages\flask\app.py", line 1523, in full_dispatch_request
    rv = self.dispatch_request()
  File "C:\Users\DELL\AppData\Roaming\Python\Python39\site-packages\flask\app.py", line 1509, in dispatch_request
    return self.ensure_sync(self.view_functions[rule.endpoint])(**req.view_args)
  File "C:\Users\DELL\Desktop\test\YOLOv8-DeepSORT-Object-Tracking\ultralytics\yolo\v8\detect\app.py", line 14, in pred
    predict()
  File "C:\Python39\lib\site-packages\hydra\main.py", line 94, in decorated_main
    _run_hydra(
  File "C:\Python39\lib\site-packages\hydra\_internal\utils.py", line 355, in _run_hydra
    hydra = run_and_report(
  File "C:\Python39\lib\site-packages\hydra\_internal\utils.py", line 223, in run_and_report
    raise ex
  File "C:\Python39\lib\site-packages\hydra\_internal\utils.py", line 220, in run_and_report
    return func()
  File "C:\Python39\lib\site-packages\hydra\_internal\utils.py", line 356, in <lambda>
    lambda: Hydra.create_main_hydra2(
  File "C:\Python39\lib\site-packages\hydra\_internal\hydra.py", line 68, in create_main_hydra2
    GlobalHydra.instance().initialize(hydra)
  File "C:\Python39\lib\site-packages\hydra\core\global_hydra.py", line 16, in initialize
    raise ValueError(
ValueError: GlobalHydra is already initialized, call GlobalHydra.instance().clear() if you want to re-initialize
[2023-05-10 15:06:26,908][werkzeug][INFO] - 127.0.0.1 - - [10/May/2023 15:06:26] "[35m[1mGET /prediction HTTP/1.1[0m" 500 -
[2023-05-10 15:07:00,222][root.tracker][INFO] - Loading weights from deep_sort_pytorch/deep_sort/deep/checkpoint/ckpt.t7... Done!
[2023-05-10 15:46:09,773][root.tracker][INFO] - Loading weights from deep_sort_pytorch/deep_sort/deep/checkpoint/ckpt.t7... Done!
[2023-05-10 16:01:11,490][root.tracker][INFO] - Loading weights from deep_sort_pytorch/deep_sort/deep/checkpoint/ckpt.t7... Done!
[2023-05-10 16:03:04,675][root.tracker][INFO] - Loading weights from deep_sort_pytorch/deep_sort/deep/checkpoint/ckpt.t7... Done!
[2023-05-10 16:21:32,751][root.tracker][INFO] - Loading weights from deep_sort_pytorch/deep_sort/deep/checkpoint/ckpt.t7... Done!
[2023-05-10 16:57:18,543][root.tracker][INFO] - Loading weights from deep_sort_pytorch/deep_sort/deep/checkpoint/ckpt.t7... Done!
[2023-05-10 16:57:19,040][app][ERROR] - Exception on /prediction [GET]
Traceback (most recent call last):
  File "C:\Users\DELL\AppData\Roaming\Python\Python39\site-packages\flask\app.py", line 2077, in wsgi_app
    response = self.full_dispatch_request()
  File "C:\Users\DELL\AppData\Roaming\Python\Python39\site-packages\flask\app.py", line 1525, in full_dispatch_request
    rv = self.handle_user_exception(e)
  File "C:\Users\DELL\AppData\Roaming\Python\Python39\site-packages\flask\app.py", line 1523, in full_dispatch_request
    rv = self.dispatch_request()
  File "C:\Users\DELL\AppData\Roaming\Python\Python39\site-packages\flask\app.py", line 1509, in dispatch_request
    return self.ensure_sync(self.view_functions[rule.endpoint])(**req.view_args)
  File "C:\Users\DELL\Desktop\test\YOLOv8-DeepSORT-Object-Tracking\ultralytics\yolo\v8\detect\app.py", line 14, in pred
    predict()
  File "C:\Python39\lib\site-packages\hydra\main.py", line 94, in decorated_main
    _run_hydra(
  File "C:\Python39\lib\site-packages\hydra\_internal\utils.py", line 355, in _run_hydra
    hydra = run_and_report(
  File "C:\Python39\lib\site-packages\hydra\_internal\utils.py", line 223, in run_and_report
    raise ex
  File "C:\Python39\lib\site-packages\hydra\_internal\utils.py", line 220, in run_and_report
    return func()
  File "C:\Python39\lib\site-packages\hydra\_internal\utils.py", line 356, in <lambda>
    lambda: Hydra.create_main_hydra2(
  File "C:\Python39\lib\site-packages\hydra\_internal\hydra.py", line 68, in create_main_hydra2
    GlobalHydra.instance().initialize(hydra)
  File "C:\Python39\lib\site-packages\hydra\core\global_hydra.py", line 16, in initialize
    raise ValueError(
ValueError: GlobalHydra is already initialized, call GlobalHydra.instance().clear() if you want to re-initialize
[2023-05-10 16:57:19,129][werkzeug][INFO] - 127.0.0.1 - - [10/May/2023 16:57:19] "[35m[1mGET /prediction HTTP/1.1[0m" 500 -
[2023-05-10 17:43:38,050][root.tracker][INFO] - Loading weights from deep_sort_pytorch/deep_sort/deep/checkpoint/ckpt.t7... Done!
[2023-05-10 18:04:50,059][root.tracker][INFO] - Loading weights from deep_sort_pytorch/deep_sort/deep/checkpoint/ckpt.t7... Done!
[2023-05-10 18:08:17,998][root.tracker][INFO] - Loading weights from deep_sort_pytorch/deep_sort/deep/checkpoint/ckpt.t7... Done!
[2023-05-10 18:09:03,833][root.tracker][INFO] - Loading weights from deep_sort_pytorch/deep_sort/deep/checkpoint/ckpt.t7... Done!
[2023-05-10 18:24:28,547][root.tracker][INFO] - Loading weights from deep_sort_pytorch/deep_sort/deep/checkpoint/ckpt.t7... Done!
[2023-05-10 18:26:08,696][root.tracker][INFO] - Loading weights from deep_sort_pytorch/deep_sort/deep/checkpoint/ckpt.t7... Done!
[2023-05-10 18:35:19,496][root.tracker][INFO] - Loading weights from deep_sort_pytorch/deep_sort/deep/checkpoint/ckpt.t7... Done!
[2023-05-10 18:41:26,040][root.tracker][INFO] - Loading weights from deep_sort_pytorch/deep_sort/deep/checkpoint/ckpt.t7... Done!
[2023-05-10 18:52:43,382][root.tracker][INFO] - Loading weights from deep_sort_pytorch/deep_sort/deep/checkpoint/ckpt.t7... Done!
[2023-05-11 01:12:20,781][root.tracker][INFO] - Loading weights from deep_sort_pytorch/deep_sort/deep/checkpoint/ckpt.t7... Done!
[2023-05-11 01:23:35,367][root.tracker][INFO] - Loading weights from deep_sort_pytorch/deep_sort/deep/checkpoint/ckpt.t7... Done!
[2023-05-11 01:34:46,337][root.tracker][INFO] - Loading weights from deep_sort_pytorch/deep_sort/deep/checkpoint/ckpt.t7... Done!
[2023-05-11 02:17:26,171][root.tracker][INFO] - Loading weights from deep_sort_pytorch/deep_sort/deep/checkpoint/ckpt.t7... Done!
[2023-05-11 10:42:55,993][root.tracker][INFO] - Loading weights from deep_sort_pytorch/deep_sort/deep/checkpoint/ckpt.t7... Done!
[2023-05-11 10:44:20,563][root.tracker][INFO] - Loading weights from deep_sort_pytorch/deep_sort/deep/checkpoint/ckpt.t7... Done!
[2023-05-11 10:46:32,361][root.tracker][INFO] - Loading weights from deep_sort_pytorch/deep_sort/deep/checkpoint/ckpt.t7... Done!
[2023-05-11 10:48:09,914][root.tracker][INFO] - Loading weights from deep_sort_pytorch/deep_sort/deep/checkpoint/ckpt.t7... Done!
[2023-05-11 17:59:16,991][root.tracker][INFO] - Loading weights from deep_sort_pytorch/deep_sort/deep/checkpoint/ckpt.t7... Done!
[2023-05-11 18:06:54,890][root.tracker][INFO] - Loading weights from deep_sort_pytorch/deep_sort/deep/checkpoint/ckpt.t7... Done!
[2023-05-11 18:06:57,825][app][INFO] - <FileStorage: 'test1.mp4' ('video/mp4')>
[2023-05-11 18:06:57,921][werkzeug][INFO] -  * Detected change in 'C:\\Python39\\Lib\\site-packages\\hydra\\main.py', reloading
[2023-05-11 18:06:58,042][werkzeug][INFO] -  * Detected change in 'C:\\Python39\\Lib\\site-packages\\hydra\\_internal\\utils.py', reloading
[2023-05-11 18:06:58,086][werkzeug][INFO] -  * Detected change in 'C:\\Python39\\Lib\\site-packages\\hydra\\_internal\\hydra.py', reloading
[2023-05-11 18:06:58,114][werkzeug][INFO] - 127.0.0.1 - - [11/May/2023 18:06:58] "[35m[1mPOST /process_video HTTP/1.1[0m" 500 -
[2023-05-11 18:06:58,118][werkzeug][INFO] -  * Detected change in 'C:\\Python39\\Lib\\site-packages\\hydra\\core\\global_hydra.py', reloading
[2023-05-11 18:06:58,697][werkzeug][INFO] - 127.0.0.1 - - [11/May/2023 18:06:58] "GET /process_video?__debugger__=yes&cmd=resource&f=style.css HTTP/1.1" 200 -
[2023-05-11 18:06:58,904][werkzeug][INFO] - 127.0.0.1 - - [11/May/2023 18:06:58] "GET /process_video?__debugger__=yes&cmd=resource&f=debugger.js HTTP/1.1" 200 -
[2023-05-11 18:07:14,459][root.tracker][INFO] - Loading weights from deep_sort_pytorch/deep_sort/deep/checkpoint/ckpt.t7... Done!
[2023-05-11 18:08:40,918][root.tracker][INFO] - Loading weights from deep_sort_pytorch/deep_sort/deep/checkpoint/ckpt.t7... Done!
[2023-05-11 18:11:22,368][werkzeug][INFO] -  * Detected change in 'C:\\Python39\\Lib\\site-packages\\pytest_cov\\compat.py', reloading
[2023-05-11 18:11:22,386][werkzeug][INFO] -  * Detected change in 'C:\\Python39\\Lib\\site-packages\\pytest_cov\\embed.py', reloading
[2023-05-11 18:11:22,459][werkzeug][INFO] -  * Detected change in 'C:\\Python39\\Lib\\site-packages\\pytest_cov\\engine.py', reloading
[2023-05-11 18:11:22,555][werkzeug][INFO] -  * Detected change in 'C:\\Python39\\Lib\\site-packages\\pytest_cov\\plugin.py', reloading
[2023-05-11 18:18:21,886][root.tracker][INFO] - Loading weights from deep_sort_pytorch/deep_sort/deep/checkpoint/ckpt.t7... Done!
[2023-05-11 18:46:48,154][root.tracker][INFO] - Loading weights from deep_sort_pytorch/deep_sort/deep/checkpoint/ckpt.t7... Done!
[2023-05-11 18:47:00,144][werkzeug][INFO] - 127.0.0.1 - - [11/May/2023 18:47:00] "GET / HTTP/1.1" 200 -
[2023-05-11 22:33:05,583][root.tracker][INFO] - Loading weights from deep_sort_pytorch/deep_sort/deep/checkpoint/ckpt.t7... Done!
[2023-05-11 22:48:06,859][root.tracker][INFO] - Loading weights from deep_sort_pytorch/deep_sort/deep/checkpoint/ckpt.t7... Done!
[2023-05-11 22:53:21,180][root.tracker][INFO] - Loading weights from deep_sort_pytorch/deep_sort/deep/checkpoint/ckpt.t7... Done!
[2023-05-11 22:54:38,907][root.tracker][INFO] - Loading weights from deep_sort_pytorch/deep_sort/deep/checkpoint/ckpt.t7... Done!
[2023-05-11 23:33:22,924][root.tracker][INFO] - Loading weights from deep_sort_pytorch/deep_sort/deep/checkpoint/ckpt.t7... Done!
[2023-05-11 23:33:42,755][app][INFO] - <FileStorage: 'test3.MP4' ('video/mp4')>
[2023-05-11 23:33:42,876][werkzeug][INFO] -  * Detected change in 'C:\\Python39\\Lib\\site-packages\\hydra\\main.py', reloading
[2023-05-11 23:33:42,915][werkzeug][INFO] -  * Detected change in 'C:\\Python39\\Lib\\site-packages\\hydra\\_internal\\utils.py', reloading
[2023-05-11 23:33:42,921][werkzeug][INFO] - 127.0.0.1 - - [11/May/2023 23:33:42] "[35m[1mPOST /process_video HTTP/1.1[0m" 500 -
[2023-05-11 23:33:42,988][werkzeug][INFO] - 127.0.0.1 - - [11/May/2023 23:33:42] "GET /process_video?__debugger__=yes&cmd=resource&f=style.css HTTP/1.1" 200 -
[2023-05-11 23:33:42,996][werkzeug][INFO] - 127.0.0.1 - - [11/May/2023 23:33:42] "GET /process_video?__debugger__=yes&cmd=resource&f=debugger.js HTTP/1.1" 200 -
[2023-05-11 23:33:43,091][werkzeug][INFO] - 127.0.0.1 - - [11/May/2023 23:33:43] "GET /process_video?__debugger__=yes&cmd=resource&f=console.png HTTP/1.1" 200 -
[2023-05-11 23:33:43,108][werkzeug][INFO] - 127.0.0.1 - - [11/May/2023 23:33:43] "GET /process_video?__debugger__=yes&cmd=resource&f=ubuntu.ttf HTTP/1.1" 200 -
[2023-05-11 23:33:43,153][werkzeug][INFO] - 127.0.0.1 - - [11/May/2023 23:33:43] "GET /process_video?__debugger__=yes&cmd=resource&f=console.png HTTP/1.1" 200 -
[2023-05-11 23:33:56,870][root.tracker][INFO] - Loading weights from deep_sort_pytorch/deep_sort/deep/checkpoint/ckpt.t7... Done!
[2023-05-11 23:36:01,916][werkzeug][INFO] -  * Detected change in 'C:\\Users\\DELL\\Desktop\\test\\YOLOv8-DeepSORT-Object-Tracking\\ultralytics\\yolo\\v8\\detect\\app.py', reloading
[2023-05-11 23:36:01,918][werkzeug][INFO] -  * Detected change in 'c:\\users\\dell\\desktop\\test\\yolov8-deepsort-object-tracking\\ultralytics\\yolo\\v8\\detect\\app.py', reloading
[2023-05-11 23:36:01,921][werkzeug][INFO] -  * Detected change in 'C:\\Users\\DELL\\Desktop\\test\\YOLOv8-DeepSORT-Object-Tracking\\ultralytics\\yolo\\v8\\detect\\app.py', reloading
[2023-05-11 23:36:01,924][werkzeug][INFO] -  * Detected change in 'c:\\users\\dell\\desktop\\test\\yolov8-deepsort-object-tracking\\ultralytics\\yolo\\v8\\detect\\app.py', reloading
[2023-05-11 23:40:16,878][root.tracker][INFO] - Loading weights from deep_sort_pytorch/deep_sort/deep/checkpoint/ckpt.t7... Done!
[2023-05-11 23:43:32,064][root.tracker][INFO] - Loading weights from deep_sort_pytorch/deep_sort/deep/checkpoint/ckpt.t7... Done!
[2023-05-11 23:44:39,192][root.tracker][INFO] - Loading weights from deep_sort_pytorch/deep_sort/deep/checkpoint/ckpt.t7... Done!
[2023-05-11 23:46:54,134][root.tracker][INFO] - Loading weights from deep_sort_pytorch/deep_sort/deep/checkpoint/ckpt.t7... Done!
[2023-05-11 23:47:49,510][root.tracker][INFO] - Loading weights from deep_sort_pytorch/deep_sort/deep/checkpoint/ckpt.t7... Done!
[2023-05-11 23:49:57,437][root.tracker][INFO] - Loading weights from deep_sort_pytorch/deep_sort/deep/checkpoint/ckpt.t7... Done!
[2023-05-12 00:20:00,489][root.tracker][INFO] - Loading weights from deep_sort_pytorch/deep_sort/deep/checkpoint/ckpt.t7... Done!
[2023-05-12 00:20:32,817][root.tracker][INFO] - Loading weights from deep_sort_pytorch/deep_sort/deep/checkpoint/ckpt.t7... Done!
[2023-05-12 00:23:25,203][root.tracker][INFO] - Loading weights from deep_sort_pytorch/deep_sort/deep/checkpoint/ckpt.t7... Done!
[2023-05-12 00:31:11,164][root.tracker][INFO] - Loading weights from deep_sort_pytorch/deep_sort/deep/checkpoint/ckpt.t7... Done!
[2023-05-12 00:32:59,263][root.tracker][INFO] - Loading weights from deep_sort_pytorch/deep_sort/deep/checkpoint/ckpt.t7... Done!
[2023-05-12 00:33:35,236][werkzeug][INFO] -  * Detected change in 'C:\\Users\\DELL\\AppData\\Roaming\\Python\\Python39\\site-packages\\flask\\app.py', reloading
[2023-05-12 00:33:35,246][werkzeug][INFO] - 127.0.0.1 - - [12/May/2023 00:33:35] "[35m[1mPOST /process_video HTTP/1.1[0m" 500 -
[2023-05-12 00:33:35,258][werkzeug][INFO] -  * Detected change in 'C:\\Python39\\Lib\\site-packages\\hydra\\_internal\\hydra.py', reloading
[2023-05-12 00:33:35,273][werkzeug][INFO] -  * Detected change in 'C:\\Python39\\Lib\\site-packages\\hydra\\core\\global_hydra.py', reloading
[2023-05-12 00:33:35,332][werkzeug][INFO] - 127.0.0.1 - - [12/May/2023 00:33:35] "GET /process_video?__debugger__=yes&cmd=resource&f=style.css HTTP/1.1" 200 -
[2023-05-12 00:33:35,638][werkzeug][INFO] - 127.0.0.1 - - [12/May/2023 00:33:35] "GET /process_video?__debugger__=yes&cmd=resource&f=debugger.js HTTP/1.1" 200 -
[2023-05-12 00:33:55,742][root.tracker][INFO] - Loading weights from deep_sort_pytorch/deep_sort/deep/checkpoint/ckpt.t7... Done!
[2023-05-12 00:35:01,577][root.tracker][INFO] - Loading weights from deep_sort_pytorch/deep_sort/deep/checkpoint/ckpt.t7... Done!
[2023-05-12 00:55:08,362][werkzeug][INFO] - 127.0.0.1 - - [12/May/2023 00:55:08] "POST /process_video HTTP/1.1" 200 -
[2023-05-12 00:57:52,809][werkzeug][INFO] -  * Detected change in 'c:\\users\\dell\\desktop\\test\\yolov8-deepsort-object-tracking\\ultralytics\\yolo\\v8\\detect\\predict.py', reloading
[2023-05-12 00:57:52,812][werkzeug][INFO] -  * Detected change in 'C:\\Users\\DELL\\Desktop\\test\\YOLOv8-DeepSORT-Object-Tracking\\ultralytics\\yolo\\v8\\detect\\predict.py', reloading
[2023-05-12 00:57:52,814][werkzeug][INFO] -  * Detected change in 'C:\\Users\\DELL\\Desktop\\test\\YOLOv8-DeepSORT-Object-Tracking\\ultralytics\\yolo\\v8\\detect\\predict.py', reloading
[2023-05-12 00:57:52,828][werkzeug][INFO] -  * Detected change in 'c:\\users\\dell\\desktop\\test\\yolov8-deepsort-object-tracking\\ultralytics\\yolo\\v8\\detect\\predict.py', reloading
[2023-05-12 00:57:52,830][werkzeug][INFO] -  * Detected change in 'C:\\Users\\DELL\\Desktop\\test\\YOLOv8-DeepSORT-Object-Tracking\\ultralytics\\yolo\\v8\\detect\\predict.py', reloading
[2023-05-12 02:20:44,939][root.tracker][INFO] - Loading weights from deep_sort_pytorch/deep_sort/deep/checkpoint/ckpt.t7... Done!
[2023-05-12 02:24:50,367][root.tracker][INFO] - Loading weights from deep_sort_pytorch/deep_sort/deep/checkpoint/ckpt.t7... Done!
[2023-05-12 02:27:54,362][root.tracker][INFO] - Loading weights from deep_sort_pytorch/deep_sort/deep/checkpoint/ckpt.t7... Done!
[2023-05-12 02:32:57,726][werkzeug][INFO] - 127.0.0.1 - - [12/May/2023 02:32:57] "POST /process_video HTTP/1.1" 200 -
[2023-05-12 09:27:04,537][root.tracker][INFO] - Loading weights from deep_sort_pytorch/deep_sort/deep/checkpoint/ckpt.t7... Done!
[2023-05-12 10:15:34,315][root.tracker][INFO] - Loading weights from deep_sort_pytorch/deep_sort/deep/checkpoint/ckpt.t7... Done!
[2023-05-12 10:16:18,146][root.tracker][INFO] - Loading weights from deep_sort_pytorch/deep_sort/deep/checkpoint/ckpt.t7... Done!
